<?xml version="1.0" encoding="UTF-8"?>
<!-- Generated by org.testng.reporters.JUnitXMLReporter -->
<testsuite ignored="3" hostname="SwarupKshatriya" failures="0" tests="5" name="Default test" time="606.74" errors="0" timestamp="2024-10-15T23:32:46 EDT">
  <testcase classname="HelloAppium.TestRunnerForEarnApp" name="TestCase2" time="5.429"/>
  <testcase classname="HelloAppium.TestRunnerForEarnApp" name="TestCase3" time="585.948"/>
  <testcase classname="HelloAppium.TestRunnerForEarnApp" name="TestCase6" time="5.105"/>
  <testcase classname="HelloAppium.TestRunnerForEarnApp" name="TestCase7" time="5.114"/>
  <testcase classname="HelloAppium.TestRunnerForEarnApp" name="TestCase8" time="5.104"/>
  <testcase classname="HelloAppium.TestRunnerForEarnApp" name="TestCase4" time="0.0">
    <ignored/>
  </testcase> <!-- TestCase4 -->
  <testcase classname="HelloAppium.TestRunnerForEarnApp" name="TestCase5" time="0.0">
    <ignored/>
  </testcase> <!-- TestCase5 -->
  <testcase classname="HelloAppium.TestRunnerForEarnApp" name="TestCase1" time="0.0">
    <ignored/>
  </testcase> <!-- TestCase1 -->
</testsuite> <!-- Default test -->
