<?xml version="1.0" encoding="UTF-8"?>
<!-- Generated by org.testng.reporters.JUnitXMLReporter -->
<testsuite ignored="8" hostname="SwarupKshatriya" failures="0" tests="4" name="Regression1" time="4822.671" errors="0" timestamp="2024-10-17T17:23:39 EDT">
  <testcase classname="HelloAppium.TestRunnerForEarnApp" name="TestCaseEarnApp" time="1218.15"/>
  <testcase classname="HelloAppium.TestRunnerForEarnApp" name="TestCaseEarnApp" time="1177.177"/>
  <testcase classname="HelloAppium.TestRunnerForEarnApp" name="TestCaseEarnApp" time="1222.226"/>
  <testcase classname="HelloAppium.TestRunnerForEarnApp" name="TestCaseEarnApp" time="1204.495"/>
  <testcase classname="HelloAppium.TestRunnerForEarnApp" name="TestCase6" time="0.0">
    <ignored/>
  </testcase> <!-- TestCase6 -->
  <testcase classname="HelloAppium.TestRunnerForEarnApp" name="TestCase7" time="0.0">
    <ignored/>
  </testcase> <!-- TestCase7 -->
  <testcase classname="HelloAppium.TestRunnerForEarnApp" name="TestCase4" time="0.0">
    <ignored/>
  </testcase> <!-- TestCase4 -->
  <testcase classname="HelloAppium.TestRunnerForEarnApp" name="TestCase5" time="0.0">
    <ignored/>
  </testcase> <!-- TestCase5 -->
  <testcase classname="HelloAppium.TestRunnerForEarnApp" name="TestCase2" time="0.0">
    <ignored/>
  </testcase> <!-- TestCase2 -->
  <testcase classname="HelloAppium.TestRunnerForEarnApp" name="TestCase3" time="0.0">
    <ignored/>
  </testcase> <!-- TestCase3 -->
  <testcase classname="HelloAppium.TestRunnerForEarnApp" name="TestCase1" time="0.0">
    <ignored/>
  </testcase> <!-- TestCase1 -->
  <testcase classname="HelloAppium.TestRunnerForEarnApp" name="TestCase8" time="0.0">
    <ignored/>
  </testcase> <!-- TestCase8 -->
</testsuite> <!-- Regression1 -->
