<?xml version="1.0" encoding="UTF-8"?>
<testng-results ignored="0" total="81" passed="81" failed="0" skipped="0">
  <reporter-output>
  </reporter-output>
  <suite started-at="2024-10-31T22:40:14 EDT" name="Suite1" finished-at="2024-11-01T02:58:22 EDT" duration-ms="15487408">
    <groups>
    </groups>
    <test started-at="2024-10-31T22:40:14 EDT" name="Regression1" finished-at="2024-11-01T02:58:22 EDT" duration-ms="15487408">
      <class name="HelloAppium.TestRunnerForEarnApp">
        <test-method signature="TestCaseEarnApp(java.lang.String,java.lang.String,java.lang.String,java.lang.String,java.lang.String)[pri:0, instance:HelloAppium.TestRunnerForEarnApp@12b0404f]" started-at="2024-10-31T22:40:15 EDT" name="TestCaseEarnApp" data-provider="ObjectDataProvider" finished-at="2024-10-31T23:03:02 EDT" duration-ms="1366580" status="PASS">
          <params>
            <param index="0">
              <value>
                <![CDATA[99271FFAZ001SV]]>
              </value>
            </param>
            <param index="1">
              <value>
                <![CDATA[13]]>
              </value>
            </param>
            <param index="2">
              <value>
                <![CDATA[parthking05@outlook.com]]>
              </value>
            </param>
            <param index="3">
              <value>
                <![CDATA[parthp05]]>
              </value>
            </param>
            <param index="4">
              <value>
                <![CDATA[Kumar Sanu]]>
              </value>
            </param>
          </params>
          <reporter-output>
          </reporter-output>
        </test-method> <!-- TestCaseEarnApp -->
        <test-method signature="TestCaseEarnApp(java.lang.String,java.lang.String,java.lang.String,java.lang.String,java.lang.String)[pri:0, instance:HelloAppium.TestRunnerForEarnApp@12b0404f]" started-at="2024-10-31T23:03:02 EDT" name="TestCaseEarnApp" data-provider="ObjectDataProvider" finished-at="2024-10-31T23:44:32 EDT" duration-ms="2489876" status="PASS">
          <params>
            <param index="0">
              <value>
                <![CDATA[99271FFAZ001SV]]>
              </value>
            </param>
            <param index="1">
              <value>
                <![CDATA[13]]>
              </value>
            </param>
            <param index="2">
              <value>
                <![CDATA[sonalip1907@outlook.com]]>
              </value>
            </param>
            <param index="3">
              <value>
                <![CDATA[sonalip19]]>
              </value>
            </param>
            <param index="4">
              <value>
                <![CDATA[Kumar Sanu]]>
              </value>
            </param>
          </params>
          <reporter-output>
          </reporter-output>
        </test-method> <!-- TestCaseEarnApp -->
        <test-method signature="TestCaseEarnApp(java.lang.String,java.lang.String,java.lang.String,java.lang.String,java.lang.String)[pri:0, instance:HelloAppium.TestRunnerForEarnApp@12b0404f]" started-at="2024-10-31T23:44:32 EDT" name="TestCaseEarnApp" data-provider="ObjectDataProvider" finished-at="2024-11-01T00:02:48 EDT" duration-ms="1095968" status="PASS">
          <params>
            <param index="0">
              <value>
                <![CDATA[99271FFAZ001SV]]>
              </value>
            </param>
            <param index="1">
              <value>
                <![CDATA[13]]>
              </value>
            </param>
            <param index="2">
              <value>
                <![CDATA[deepakp2209@outlook.com]]>
              </value>
            </param>
            <param index="3">
              <value>
                <![CDATA[deepakp22]]>
              </value>
            </param>
            <param index="4">
              <value>
                <![CDATA[Kumar Sanu]]>
              </value>
            </param>
          </params>
          <reporter-output>
          </reporter-output>
        </test-method> <!-- TestCaseEarnApp -->
        <test-method signature="TestCaseEarnApp(java.lang.String,java.lang.String,java.lang.String,java.lang.String,java.lang.String)[pri:0, instance:HelloAppium.TestRunnerForEarnApp@12b0404f]" started-at="2024-11-01T00:02:48 EDT" name="TestCaseEarnApp" data-provider="ObjectDataProvider" finished-at="2024-11-01T00:25:21 EDT" duration-ms="1353485" status="PASS">
          <params>
            <param index="0">
              <value>
                <![CDATA[99271FFAZ001SV]]>
              </value>
            </param>
            <param index="1">
              <value>
                <![CDATA[13]]>
              </value>
            </param>
            <param index="2">
              <value>
                <![CDATA[ravibhojpuria@outlook.com]]>
              </value>
            </param>
            <param index="3">
              <value>
                <![CDATA[raviking89]]>
              </value>
            </param>
            <param index="4">
              <value>
                <![CDATA[Kumar Sanu]]>
              </value>
            </param>
          </params>
          <reporter-output>
          </reporter-output>
        </test-method> <!-- TestCaseEarnApp -->
        <test-method signature="TestCaseEarnApp(java.lang.String,java.lang.String,java.lang.String,java.lang.String,java.lang.String)[pri:0, instance:HelloAppium.TestRunnerForEarnApp@12b0404f]" started-at="2024-11-01T00:25:21 EDT" name="TestCaseEarnApp" data-provider="ObjectDataProvider" finished-at="2024-11-01T00:37:28 EDT" duration-ms="726649" status="PASS">
          <params>
            <param index="0">
              <value>
                <![CDATA[99271FFAZ001SV]]>
              </value>
            </param>
            <param index="1">
              <value>
                <![CDATA[13]]>
              </value>
            </param>
            <param index="2">
              <value>
                <![CDATA[automationsavi@outlook.com]]>
              </value>
            </param>
            <param index="3">
              <value>
                <![CDATA[Swar@tcs03]]>
              </value>
            </param>
            <param index="4">
              <value>
                <![CDATA[Kumar Sanu]]>
              </value>
            </param>
          </params>
          <reporter-output>
          </reporter-output>
        </test-method> <!-- TestCaseEarnApp -->
        <test-method signature="TestCaseEarnApp(java.lang.String,java.lang.String,java.lang.String,java.lang.String,java.lang.String)[pri:0, instance:HelloAppium.TestRunnerForEarnApp@12b0404f]" started-at="2024-11-01T00:37:28 EDT" name="TestCaseEarnApp" data-provider="ObjectDataProvider" finished-at="2024-11-01T00:39:18 EDT" duration-ms="110660" status="PASS">
          <params>
            <param index="0">
              <value>
                <![CDATA[99271FFAZ001SV]]>
              </value>
            </param>
            <param index="1">
              <value>
                <![CDATA[13]]>
              </value>
            </param>
            <param index="2">
              <value>
                <![CDATA[sidhaalk@outlook.com]]>
              </value>
            </param>
            <param index="3">
              <value>
                <![CDATA[sidhaal@K10]]>
              </value>
            </param>
            <param index="4">
              <value>
                <![CDATA[Kumar Sanu]]>
              </value>
            </param>
          </params>
          <reporter-output>
          </reporter-output>
        </test-method> <!-- TestCaseEarnApp -->
        <test-method signature="TestCaseEarnApp(java.lang.String,java.lang.String,java.lang.String,java.lang.String,java.lang.String)[pri:0, instance:HelloAppium.TestRunnerForEarnApp@12b0404f]" started-at="2024-11-01T00:39:18 EDT" name="TestCaseEarnApp" data-provider="ObjectDataProvider" finished-at="2024-11-01T00:41:09 EDT" duration-ms="110469" status="PASS">
          <params>
            <param index="0">
              <value>
                <![CDATA[99271FFAZ001SV]]>
              </value>
            </param>
            <param index="1">
              <value>
                <![CDATA[13]]>
              </value>
            </param>
            <param index="2">
              <value>
                <![CDATA[Jyoti.john@outlook.com]]>
              </value>
            </param>
            <param index="3">
              <value>
                <![CDATA[GWElcome123#]]>
              </value>
            </param>
            <param index="4">
              <value>
                <![CDATA[Kumar Sanu]]>
              </value>
            </param>
          </params>
          <reporter-output>
          </reporter-output>
        </test-method> <!-- TestCaseEarnApp -->
        <test-method signature="TestCaseEarnApp(java.lang.String,java.lang.String,java.lang.String,java.lang.String,java.lang.String)[pri:0, instance:HelloAppium.TestRunnerForEarnApp@12b0404f]" started-at="2024-11-01T00:41:09 EDT" name="TestCaseEarnApp" data-provider="ObjectDataProvider" finished-at="2024-11-01T00:42:59 EDT" duration-ms="110008" status="PASS">
          <params>
            <param index="0">
              <value>
                <![CDATA[99271FFAZ001SV]]>
              </value>
            </param>
            <param index="1">
              <value>
                <![CDATA[13]]>
              </value>
            </param>
            <param index="2">
              <value>
                <![CDATA[chetan.patil2016@outlook.com]]>
              </value>
            </param>
            <param index="3">
              <value>
                <![CDATA[GWElcome123#]]>
              </value>
            </param>
            <param index="4">
              <value>
                <![CDATA[Kumar Sanu]]>
              </value>
            </param>
          </params>
          <reporter-output>
          </reporter-output>
        </test-method> <!-- TestCaseEarnApp -->
        <test-method signature="TestCaseEarnApp(java.lang.String,java.lang.String,java.lang.String,java.lang.String,java.lang.String)[pri:0, instance:HelloAppium.TestRunnerForEarnApp@12b0404f]" started-at="2024-11-01T00:42:59 EDT" name="TestCaseEarnApp" data-provider="ObjectDataProvider" finished-at="2024-11-01T00:44:49 EDT" duration-ms="110162" status="PASS">
          <params>
            <param index="0">
              <value>
                <![CDATA[99271FFAZ001SV]]>
              </value>
            </param>
            <param index="1">
              <value>
                <![CDATA[13]]>
              </value>
            </param>
            <param index="2">
              <value>
                <![CDATA[bob.sagerar@outlook.com]]>
              </value>
            </param>
            <param index="3">
              <value>
                <![CDATA[Subupassword@123]]>
              </value>
            </param>
            <param index="4">
              <value>
                <![CDATA[Kumar Sanu]]>
              </value>
            </param>
          </params>
          <reporter-output>
          </reporter-output>
        </test-method> <!-- TestCaseEarnApp -->
        <test-method signature="TestCaseEarnApp(java.lang.String,java.lang.String,java.lang.String,java.lang.String,java.lang.String)[pri:0, instance:HelloAppium.TestRunnerForEarnApp@12b0404f]" started-at="2024-11-01T00:44:49 EDT" name="TestCaseEarnApp" data-provider="ObjectDataProvider" finished-at="2024-11-01T00:46:41 EDT" duration-ms="111520" status="PASS">
          <params>
            <param index="0">
              <value>
                <![CDATA[99271FFAZ001SV]]>
              </value>
            </param>
            <param index="1">
              <value>
                <![CDATA[13]]>
              </value>
            </param>
            <param index="2">
              <value>
                <![CDATA[parthking05@outlook.com]]>
              </value>
            </param>
            <param index="3">
              <value>
                <![CDATA[parthp05]]>
              </value>
            </param>
            <param index="4">
              <value>
                <![CDATA[Kumar Sanu]]>
              </value>
            </param>
          </params>
          <reporter-output>
          </reporter-output>
        </test-method> <!-- TestCaseEarnApp -->
        <test-method signature="TestCaseEarnApp(java.lang.String,java.lang.String,java.lang.String,java.lang.String,java.lang.String)[pri:0, instance:HelloAppium.TestRunnerForEarnApp@12b0404f]" started-at="2024-11-01T00:46:41 EDT" name="TestCaseEarnApp" data-provider="ObjectDataProvider" finished-at="2024-11-01T00:48:32 EDT" duration-ms="111323" status="PASS">
          <params>
            <param index="0">
              <value>
                <![CDATA[99271FFAZ001SV]]>
              </value>
            </param>
            <param index="1">
              <value>
                <![CDATA[13]]>
              </value>
            </param>
            <param index="2">
              <value>
                <![CDATA[sonalip1907@outlook.com]]>
              </value>
            </param>
            <param index="3">
              <value>
                <![CDATA[sonalip19]]>
              </value>
            </param>
            <param index="4">
              <value>
                <![CDATA[Kumar Sanu]]>
              </value>
            </param>
          </params>
          <reporter-output>
          </reporter-output>
        </test-method> <!-- TestCaseEarnApp -->
        <test-method signature="TestCaseEarnApp(java.lang.String,java.lang.String,java.lang.String,java.lang.String,java.lang.String)[pri:0, instance:HelloAppium.TestRunnerForEarnApp@12b0404f]" started-at="2024-11-01T00:48:32 EDT" name="TestCaseEarnApp" data-provider="ObjectDataProvider" finished-at="2024-11-01T00:50:24 EDT" duration-ms="111819" status="PASS">
          <params>
            <param index="0">
              <value>
                <![CDATA[99271FFAZ001SV]]>
              </value>
            </param>
            <param index="1">
              <value>
                <![CDATA[13]]>
              </value>
            </param>
            <param index="2">
              <value>
                <![CDATA[deepakp2209@outlook.com]]>
              </value>
            </param>
            <param index="3">
              <value>
                <![CDATA[deepakp22]]>
              </value>
            </param>
            <param index="4">
              <value>
                <![CDATA[Kumar Sanu]]>
              </value>
            </param>
          </params>
          <reporter-output>
          </reporter-output>
        </test-method> <!-- TestCaseEarnApp -->
        <test-method signature="TestCaseEarnApp(java.lang.String,java.lang.String,java.lang.String,java.lang.String,java.lang.String)[pri:0, instance:HelloAppium.TestRunnerForEarnApp@12b0404f]" started-at="2024-11-01T00:50:24 EDT" name="TestCaseEarnApp" data-provider="ObjectDataProvider" finished-at="2024-11-01T00:52:15 EDT" duration-ms="110891" status="PASS">
          <params>
            <param index="0">
              <value>
                <![CDATA[99271FFAZ001SV]]>
              </value>
            </param>
            <param index="1">
              <value>
                <![CDATA[13]]>
              </value>
            </param>
            <param index="2">
              <value>
                <![CDATA[ravibhojpuria@outlook.com]]>
              </value>
            </param>
            <param index="3">
              <value>
                <![CDATA[raviking89]]>
              </value>
            </param>
            <param index="4">
              <value>
                <![CDATA[Kumar Sanu]]>
              </value>
            </param>
          </params>
          <reporter-output>
          </reporter-output>
        </test-method> <!-- TestCaseEarnApp -->
        <test-method signature="TestCaseEarnApp(java.lang.String,java.lang.String,java.lang.String,java.lang.String,java.lang.String)[pri:0, instance:HelloAppium.TestRunnerForEarnApp@12b0404f]" started-at="2024-11-01T00:52:15 EDT" name="TestCaseEarnApp" data-provider="ObjectDataProvider" finished-at="2024-11-01T00:54:07 EDT" duration-ms="112835" status="PASS">
          <params>
            <param index="0">
              <value>
                <![CDATA[99271FFAZ001SV]]>
              </value>
            </param>
            <param index="1">
              <value>
                <![CDATA[13]]>
              </value>
            </param>
            <param index="2">
              <value>
                <![CDATA[automationsavi@outlook.com]]>
              </value>
            </param>
            <param index="3">
              <value>
                <![CDATA[Swar@tcs03]]>
              </value>
            </param>
            <param index="4">
              <value>
                <![CDATA[Kumar Sanu]]>
              </value>
            </param>
          </params>
          <reporter-output>
          </reporter-output>
        </test-method> <!-- TestCaseEarnApp -->
        <test-method signature="TestCaseEarnApp(java.lang.String,java.lang.String,java.lang.String,java.lang.String,java.lang.String)[pri:0, instance:HelloAppium.TestRunnerForEarnApp@12b0404f]" started-at="2024-11-01T00:54:07 EDT" name="TestCaseEarnApp" data-provider="ObjectDataProvider" finished-at="2024-11-01T00:55:58 EDT" duration-ms="110190" status="PASS">
          <params>
            <param index="0">
              <value>
                <![CDATA[99271FFAZ001SV]]>
              </value>
            </param>
            <param index="1">
              <value>
                <![CDATA[13]]>
              </value>
            </param>
            <param index="2">
              <value>
                <![CDATA[sidhaalk@outlook.com]]>
              </value>
            </param>
            <param index="3">
              <value>
                <![CDATA[sidhaal@K10]]>
              </value>
            </param>
            <param index="4">
              <value>
                <![CDATA[Kumar Sanu]]>
              </value>
            </param>
          </params>
          <reporter-output>
          </reporter-output>
        </test-method> <!-- TestCaseEarnApp -->
        <test-method signature="TestCaseEarnApp(java.lang.String,java.lang.String,java.lang.String,java.lang.String,java.lang.String)[pri:0, instance:HelloAppium.TestRunnerForEarnApp@12b0404f]" started-at="2024-11-01T00:55:58 EDT" name="TestCaseEarnApp" data-provider="ObjectDataProvider" finished-at="2024-11-01T00:57:49 EDT" duration-ms="111305" status="PASS">
          <params>
            <param index="0">
              <value>
                <![CDATA[99271FFAZ001SV]]>
              </value>
            </param>
            <param index="1">
              <value>
                <![CDATA[13]]>
              </value>
            </param>
            <param index="2">
              <value>
                <![CDATA[Jyoti.john@outlook.com]]>
              </value>
            </param>
            <param index="3">
              <value>
                <![CDATA[GWElcome123#]]>
              </value>
            </param>
            <param index="4">
              <value>
                <![CDATA[Kumar Sanu]]>
              </value>
            </param>
          </params>
          <reporter-output>
          </reporter-output>
        </test-method> <!-- TestCaseEarnApp -->
        <test-method signature="TestCaseEarnApp(java.lang.String,java.lang.String,java.lang.String,java.lang.String,java.lang.String)[pri:0, instance:HelloAppium.TestRunnerForEarnApp@12b0404f]" started-at="2024-11-01T00:57:49 EDT" name="TestCaseEarnApp" data-provider="ObjectDataProvider" finished-at="2024-11-01T00:59:40 EDT" duration-ms="111204" status="PASS">
          <params>
            <param index="0">
              <value>
                <![CDATA[99271FFAZ001SV]]>
              </value>
            </param>
            <param index="1">
              <value>
                <![CDATA[13]]>
              </value>
            </param>
            <param index="2">
              <value>
                <![CDATA[chetan.patil2016@outlook.com]]>
              </value>
            </param>
            <param index="3">
              <value>
                <![CDATA[GWElcome123#]]>
              </value>
            </param>
            <param index="4">
              <value>
                <![CDATA[Kumar Sanu]]>
              </value>
            </param>
          </params>
          <reporter-output>
          </reporter-output>
        </test-method> <!-- TestCaseEarnApp -->
        <test-method signature="TestCaseEarnApp(java.lang.String,java.lang.String,java.lang.String,java.lang.String,java.lang.String)[pri:0, instance:HelloAppium.TestRunnerForEarnApp@12b0404f]" started-at="2024-11-01T00:59:40 EDT" name="TestCaseEarnApp" data-provider="ObjectDataProvider" finished-at="2024-11-01T01:01:32 EDT" duration-ms="111602" status="PASS">
          <params>
            <param index="0">
              <value>
                <![CDATA[99271FFAZ001SV]]>
              </value>
            </param>
            <param index="1">
              <value>
                <![CDATA[13]]>
              </value>
            </param>
            <param index="2">
              <value>
                <![CDATA[bob.sagerar@outlook.com]]>
              </value>
            </param>
            <param index="3">
              <value>
                <![CDATA[Subupassword@123]]>
              </value>
            </param>
            <param index="4">
              <value>
                <![CDATA[Kumar Sanu]]>
              </value>
            </param>
          </params>
          <reporter-output>
          </reporter-output>
        </test-method> <!-- TestCaseEarnApp -->
        <test-method signature="TestCaseEarnApp(java.lang.String,java.lang.String,java.lang.String,java.lang.String,java.lang.String)[pri:0, instance:HelloAppium.TestRunnerForEarnApp@12b0404f]" started-at="2024-11-01T01:01:32 EDT" name="TestCaseEarnApp" data-provider="ObjectDataProvider" finished-at="2024-11-01T01:03:24 EDT" duration-ms="112098" status="PASS">
          <params>
            <param index="0">
              <value>
                <![CDATA[99271FFAZ001SV]]>
              </value>
            </param>
            <param index="1">
              <value>
                <![CDATA[13]]>
              </value>
            </param>
            <param index="2">
              <value>
                <![CDATA[parthking05@outlook.com]]>
              </value>
            </param>
            <param index="3">
              <value>
                <![CDATA[parthp05]]>
              </value>
            </param>
            <param index="4">
              <value>
                <![CDATA[Kumar Sanu]]>
              </value>
            </param>
          </params>
          <reporter-output>
          </reporter-output>
        </test-method> <!-- TestCaseEarnApp -->
        <test-method signature="TestCaseEarnApp(java.lang.String,java.lang.String,java.lang.String,java.lang.String,java.lang.String)[pri:0, instance:HelloAppium.TestRunnerForEarnApp@12b0404f]" started-at="2024-11-01T01:03:24 EDT" name="TestCaseEarnApp" data-provider="ObjectDataProvider" finished-at="2024-11-01T01:05:17 EDT" duration-ms="112717" status="PASS">
          <params>
            <param index="0">
              <value>
                <![CDATA[99271FFAZ001SV]]>
              </value>
            </param>
            <param index="1">
              <value>
                <![CDATA[13]]>
              </value>
            </param>
            <param index="2">
              <value>
                <![CDATA[sonalip1907@outlook.com]]>
              </value>
            </param>
            <param index="3">
              <value>
                <![CDATA[sonalip19]]>
              </value>
            </param>
            <param index="4">
              <value>
                <![CDATA[Kumar Sanu]]>
              </value>
            </param>
          </params>
          <reporter-output>
          </reporter-output>
        </test-method> <!-- TestCaseEarnApp -->
        <test-method signature="TestCaseEarnApp(java.lang.String,java.lang.String,java.lang.String,java.lang.String,java.lang.String)[pri:0, instance:HelloAppium.TestRunnerForEarnApp@12b0404f]" started-at="2024-11-01T01:05:17 EDT" name="TestCaseEarnApp" data-provider="ObjectDataProvider" finished-at="2024-11-01T01:07:08 EDT" duration-ms="111117" status="PASS">
          <params>
            <param index="0">
              <value>
                <![CDATA[99271FFAZ001SV]]>
              </value>
            </param>
            <param index="1">
              <value>
                <![CDATA[13]]>
              </value>
            </param>
            <param index="2">
              <value>
                <![CDATA[deepakp2209@outlook.com]]>
              </value>
            </param>
            <param index="3">
              <value>
                <![CDATA[deepakp22]]>
              </value>
            </param>
            <param index="4">
              <value>
                <![CDATA[Kumar Sanu]]>
              </value>
            </param>
          </params>
          <reporter-output>
          </reporter-output>
        </test-method> <!-- TestCaseEarnApp -->
        <test-method signature="TestCaseEarnApp(java.lang.String,java.lang.String,java.lang.String,java.lang.String,java.lang.String)[pri:0, instance:HelloAppium.TestRunnerForEarnApp@12b0404f]" started-at="2024-11-01T01:07:08 EDT" name="TestCaseEarnApp" data-provider="ObjectDataProvider" finished-at="2024-11-01T01:08:58 EDT" duration-ms="110576" status="PASS">
          <params>
            <param index="0">
              <value>
                <![CDATA[99271FFAZ001SV]]>
              </value>
            </param>
            <param index="1">
              <value>
                <![CDATA[13]]>
              </value>
            </param>
            <param index="2">
              <value>
                <![CDATA[ravibhojpuria@outlook.com]]>
              </value>
            </param>
            <param index="3">
              <value>
                <![CDATA[raviking89]]>
              </value>
            </param>
            <param index="4">
              <value>
                <![CDATA[Kumar Sanu]]>
              </value>
            </param>
          </params>
          <reporter-output>
          </reporter-output>
        </test-method> <!-- TestCaseEarnApp -->
        <test-method signature="TestCaseEarnApp(java.lang.String,java.lang.String,java.lang.String,java.lang.String,java.lang.String)[pri:0, instance:HelloAppium.TestRunnerForEarnApp@12b0404f]" started-at="2024-11-01T01:08:58 EDT" name="TestCaseEarnApp" data-provider="ObjectDataProvider" finished-at="2024-11-01T01:10:49 EDT" duration-ms="110320" status="PASS">
          <params>
            <param index="0">
              <value>
                <![CDATA[99271FFAZ001SV]]>
              </value>
            </param>
            <param index="1">
              <value>
                <![CDATA[13]]>
              </value>
            </param>
            <param index="2">
              <value>
                <![CDATA[automationsavi@outlook.com]]>
              </value>
            </param>
            <param index="3">
              <value>
                <![CDATA[Swar@tcs03]]>
              </value>
            </param>
            <param index="4">
              <value>
                <![CDATA[Kumar Sanu]]>
              </value>
            </param>
          </params>
          <reporter-output>
          </reporter-output>
        </test-method> <!-- TestCaseEarnApp -->
        <test-method signature="TestCaseEarnApp(java.lang.String,java.lang.String,java.lang.String,java.lang.String,java.lang.String)[pri:0, instance:HelloAppium.TestRunnerForEarnApp@12b0404f]" started-at="2024-11-01T01:10:49 EDT" name="TestCaseEarnApp" data-provider="ObjectDataProvider" finished-at="2024-11-01T01:12:39 EDT" duration-ms="110247" status="PASS">
          <params>
            <param index="0">
              <value>
                <![CDATA[99271FFAZ001SV]]>
              </value>
            </param>
            <param index="1">
              <value>
                <![CDATA[13]]>
              </value>
            </param>
            <param index="2">
              <value>
                <![CDATA[sidhaalk@outlook.com]]>
              </value>
            </param>
            <param index="3">
              <value>
                <![CDATA[sidhaal@K10]]>
              </value>
            </param>
            <param index="4">
              <value>
                <![CDATA[Kumar Sanu]]>
              </value>
            </param>
          </params>
          <reporter-output>
          </reporter-output>
        </test-method> <!-- TestCaseEarnApp -->
        <test-method signature="TestCaseEarnApp(java.lang.String,java.lang.String,java.lang.String,java.lang.String,java.lang.String)[pri:0, instance:HelloAppium.TestRunnerForEarnApp@12b0404f]" started-at="2024-11-01T01:12:39 EDT" name="TestCaseEarnApp" data-provider="ObjectDataProvider" finished-at="2024-11-01T01:14:30 EDT" duration-ms="110845" status="PASS">
          <params>
            <param index="0">
              <value>
                <![CDATA[99271FFAZ001SV]]>
              </value>
            </param>
            <param index="1">
              <value>
                <![CDATA[13]]>
              </value>
            </param>
            <param index="2">
              <value>
                <![CDATA[Jyoti.john@outlook.com]]>
              </value>
            </param>
            <param index="3">
              <value>
                <![CDATA[GWElcome123#]]>
              </value>
            </param>
            <param index="4">
              <value>
                <![CDATA[Kumar Sanu]]>
              </value>
            </param>
          </params>
          <reporter-output>
          </reporter-output>
        </test-method> <!-- TestCaseEarnApp -->
        <test-method signature="TestCaseEarnApp(java.lang.String,java.lang.String,java.lang.String,java.lang.String,java.lang.String)[pri:0, instance:HelloAppium.TestRunnerForEarnApp@12b0404f]" started-at="2024-11-01T01:14:30 EDT" name="TestCaseEarnApp" data-provider="ObjectDataProvider" finished-at="2024-11-01T01:16:22 EDT" duration-ms="111856" status="PASS">
          <params>
            <param index="0">
              <value>
                <![CDATA[99271FFAZ001SV]]>
              </value>
            </param>
            <param index="1">
              <value>
                <![CDATA[13]]>
              </value>
            </param>
            <param index="2">
              <value>
                <![CDATA[chetan.patil2016@outlook.com]]>
              </value>
            </param>
            <param index="3">
              <value>
                <![CDATA[GWElcome123#]]>
              </value>
            </param>
            <param index="4">
              <value>
                <![CDATA[Kumar Sanu]]>
              </value>
            </param>
          </params>
          <reporter-output>
          </reporter-output>
        </test-method> <!-- TestCaseEarnApp -->
        <test-method signature="TestCaseEarnApp(java.lang.String,java.lang.String,java.lang.String,java.lang.String,java.lang.String)[pri:0, instance:HelloAppium.TestRunnerForEarnApp@12b0404f]" started-at="2024-11-01T01:16:22 EDT" name="TestCaseEarnApp" data-provider="ObjectDataProvider" finished-at="2024-11-01T01:18:13 EDT" duration-ms="111452" status="PASS">
          <params>
            <param index="0">
              <value>
                <![CDATA[99271FFAZ001SV]]>
              </value>
            </param>
            <param index="1">
              <value>
                <![CDATA[13]]>
              </value>
            </param>
            <param index="2">
              <value>
                <![CDATA[bob.sagerar@outlook.com]]>
              </value>
            </param>
            <param index="3">
              <value>
                <![CDATA[Subupassword@123]]>
              </value>
            </param>
            <param index="4">
              <value>
                <![CDATA[Kumar Sanu]]>
              </value>
            </param>
          </params>
          <reporter-output>
          </reporter-output>
        </test-method> <!-- TestCaseEarnApp -->
        <test-method signature="TestCaseEarnApp(java.lang.String,java.lang.String,java.lang.String,java.lang.String,java.lang.String)[pri:0, instance:HelloAppium.TestRunnerForEarnApp@12b0404f]" started-at="2024-11-01T01:18:13 EDT" name="TestCaseEarnApp" data-provider="ObjectDataProvider" finished-at="2024-11-01T01:20:04 EDT" duration-ms="110817" status="PASS">
          <params>
            <param index="0">
              <value>
                <![CDATA[99271FFAZ001SV]]>
              </value>
            </param>
            <param index="1">
              <value>
                <![CDATA[13]]>
              </value>
            </param>
            <param index="2">
              <value>
                <![CDATA[parthking05@outlook.com]]>
              </value>
            </param>
            <param index="3">
              <value>
                <![CDATA[parthp05]]>
              </value>
            </param>
            <param index="4">
              <value>
                <![CDATA[Kumar Sanu]]>
              </value>
            </param>
          </params>
          <reporter-output>
          </reporter-output>
        </test-method> <!-- TestCaseEarnApp -->
        <test-method signature="TestCaseEarnApp(java.lang.String,java.lang.String,java.lang.String,java.lang.String,java.lang.String)[pri:0, instance:HelloAppium.TestRunnerForEarnApp@12b0404f]" started-at="2024-11-01T01:20:04 EDT" name="TestCaseEarnApp" data-provider="ObjectDataProvider" finished-at="2024-11-01T01:21:55 EDT" duration-ms="111580" status="PASS">
          <params>
            <param index="0">
              <value>
                <![CDATA[99271FFAZ001SV]]>
              </value>
            </param>
            <param index="1">
              <value>
                <![CDATA[13]]>
              </value>
            </param>
            <param index="2">
              <value>
                <![CDATA[sonalip1907@outlook.com]]>
              </value>
            </param>
            <param index="3">
              <value>
                <![CDATA[sonalip19]]>
              </value>
            </param>
            <param index="4">
              <value>
                <![CDATA[Kumar Sanu]]>
              </value>
            </param>
          </params>
          <reporter-output>
          </reporter-output>
        </test-method> <!-- TestCaseEarnApp -->
        <test-method signature="TestCaseEarnApp(java.lang.String,java.lang.String,java.lang.String,java.lang.String,java.lang.String)[pri:0, instance:HelloAppium.TestRunnerForEarnApp@12b0404f]" started-at="2024-11-01T01:21:55 EDT" name="TestCaseEarnApp" data-provider="ObjectDataProvider" finished-at="2024-11-01T01:23:47 EDT" duration-ms="111538" status="PASS">
          <params>
            <param index="0">
              <value>
                <![CDATA[99271FFAZ001SV]]>
              </value>
            </param>
            <param index="1">
              <value>
                <![CDATA[13]]>
              </value>
            </param>
            <param index="2">
              <value>
                <![CDATA[deepakp2209@outlook.com]]>
              </value>
            </param>
            <param index="3">
              <value>
                <![CDATA[deepakp22]]>
              </value>
            </param>
            <param index="4">
              <value>
                <![CDATA[Kumar Sanu]]>
              </value>
            </param>
          </params>
          <reporter-output>
          </reporter-output>
        </test-method> <!-- TestCaseEarnApp -->
        <test-method signature="TestCaseEarnApp(java.lang.String,java.lang.String,java.lang.String,java.lang.String,java.lang.String)[pri:0, instance:HelloAppium.TestRunnerForEarnApp@12b0404f]" started-at="2024-11-01T01:23:47 EDT" name="TestCaseEarnApp" data-provider="ObjectDataProvider" finished-at="2024-11-01T01:25:38 EDT" duration-ms="111046" status="PASS">
          <params>
            <param index="0">
              <value>
                <![CDATA[99271FFAZ001SV]]>
              </value>
            </param>
            <param index="1">
              <value>
                <![CDATA[13]]>
              </value>
            </param>
            <param index="2">
              <value>
                <![CDATA[ravibhojpuria@outlook.com]]>
              </value>
            </param>
            <param index="3">
              <value>
                <![CDATA[raviking89]]>
              </value>
            </param>
            <param index="4">
              <value>
                <![CDATA[Kumar Sanu]]>
              </value>
            </param>
          </params>
          <reporter-output>
          </reporter-output>
        </test-method> <!-- TestCaseEarnApp -->
        <test-method signature="TestCaseEarnApp(java.lang.String,java.lang.String,java.lang.String,java.lang.String,java.lang.String)[pri:0, instance:HelloAppium.TestRunnerForEarnApp@12b0404f]" started-at="2024-11-01T01:25:38 EDT" name="TestCaseEarnApp" data-provider="ObjectDataProvider" finished-at="2024-11-01T01:27:29 EDT" duration-ms="111394" status="PASS">
          <params>
            <param index="0">
              <value>
                <![CDATA[99271FFAZ001SV]]>
              </value>
            </param>
            <param index="1">
              <value>
                <![CDATA[13]]>
              </value>
            </param>
            <param index="2">
              <value>
                <![CDATA[automationsavi@outlook.com]]>
              </value>
            </param>
            <param index="3">
              <value>
                <![CDATA[Swar@tcs03]]>
              </value>
            </param>
            <param index="4">
              <value>
                <![CDATA[Kumar Sanu]]>
              </value>
            </param>
          </params>
          <reporter-output>
          </reporter-output>
        </test-method> <!-- TestCaseEarnApp -->
        <test-method signature="TestCaseEarnApp(java.lang.String,java.lang.String,java.lang.String,java.lang.String,java.lang.String)[pri:0, instance:HelloAppium.TestRunnerForEarnApp@12b0404f]" started-at="2024-11-01T01:27:29 EDT" name="TestCaseEarnApp" data-provider="ObjectDataProvider" finished-at="2024-11-01T01:29:20 EDT" duration-ms="110794" status="PASS">
          <params>
            <param index="0">
              <value>
                <![CDATA[99271FFAZ001SV]]>
              </value>
            </param>
            <param index="1">
              <value>
                <![CDATA[13]]>
              </value>
            </param>
            <param index="2">
              <value>
                <![CDATA[sidhaalk@outlook.com]]>
              </value>
            </param>
            <param index="3">
              <value>
                <![CDATA[sidhaal@K10]]>
              </value>
            </param>
            <param index="4">
              <value>
                <![CDATA[Kumar Sanu]]>
              </value>
            </param>
          </params>
          <reporter-output>
          </reporter-output>
        </test-method> <!-- TestCaseEarnApp -->
        <test-method signature="TestCaseEarnApp(java.lang.String,java.lang.String,java.lang.String,java.lang.String,java.lang.String)[pri:0, instance:HelloAppium.TestRunnerForEarnApp@12b0404f]" started-at="2024-11-01T01:29:20 EDT" name="TestCaseEarnApp" data-provider="ObjectDataProvider" finished-at="2024-11-01T01:31:11 EDT" duration-ms="111290" status="PASS">
          <params>
            <param index="0">
              <value>
                <![CDATA[99271FFAZ001SV]]>
              </value>
            </param>
            <param index="1">
              <value>
                <![CDATA[13]]>
              </value>
            </param>
            <param index="2">
              <value>
                <![CDATA[Jyoti.john@outlook.com]]>
              </value>
            </param>
            <param index="3">
              <value>
                <![CDATA[GWElcome123#]]>
              </value>
            </param>
            <param index="4">
              <value>
                <![CDATA[Kumar Sanu]]>
              </value>
            </param>
          </params>
          <reporter-output>
          </reporter-output>
        </test-method> <!-- TestCaseEarnApp -->
        <test-method signature="TestCaseEarnApp(java.lang.String,java.lang.String,java.lang.String,java.lang.String,java.lang.String)[pri:0, instance:HelloAppium.TestRunnerForEarnApp@12b0404f]" started-at="2024-11-01T01:31:11 EDT" name="TestCaseEarnApp" data-provider="ObjectDataProvider" finished-at="2024-11-01T01:33:03 EDT" duration-ms="111231" status="PASS">
          <params>
            <param index="0">
              <value>
                <![CDATA[99271FFAZ001SV]]>
              </value>
            </param>
            <param index="1">
              <value>
                <![CDATA[13]]>
              </value>
            </param>
            <param index="2">
              <value>
                <![CDATA[chetan.patil2016@outlook.com]]>
              </value>
            </param>
            <param index="3">
              <value>
                <![CDATA[GWElcome123#]]>
              </value>
            </param>
            <param index="4">
              <value>
                <![CDATA[Kumar Sanu]]>
              </value>
            </param>
          </params>
          <reporter-output>
          </reporter-output>
        </test-method> <!-- TestCaseEarnApp -->
        <test-method signature="TestCaseEarnApp(java.lang.String,java.lang.String,java.lang.String,java.lang.String,java.lang.String)[pri:0, instance:HelloAppium.TestRunnerForEarnApp@12b0404f]" started-at="2024-11-01T01:33:03 EDT" name="TestCaseEarnApp" data-provider="ObjectDataProvider" finished-at="2024-11-01T01:34:55 EDT" duration-ms="111857" status="PASS">
          <params>
            <param index="0">
              <value>
                <![CDATA[99271FFAZ001SV]]>
              </value>
            </param>
            <param index="1">
              <value>
                <![CDATA[13]]>
              </value>
            </param>
            <param index="2">
              <value>
                <![CDATA[bob.sagerar@outlook.com]]>
              </value>
            </param>
            <param index="3">
              <value>
                <![CDATA[Subupassword@123]]>
              </value>
            </param>
            <param index="4">
              <value>
                <![CDATA[Kumar Sanu]]>
              </value>
            </param>
          </params>
          <reporter-output>
          </reporter-output>
        </test-method> <!-- TestCaseEarnApp -->
        <test-method signature="TestCaseEarnApp(java.lang.String,java.lang.String,java.lang.String,java.lang.String,java.lang.String)[pri:0, instance:HelloAppium.TestRunnerForEarnApp@12b0404f]" started-at="2024-11-01T01:34:55 EDT" name="TestCaseEarnApp" data-provider="ObjectDataProvider" finished-at="2024-11-01T01:36:46 EDT" duration-ms="111621" status="PASS">
          <params>
            <param index="0">
              <value>
                <![CDATA[99271FFAZ001SV]]>
              </value>
            </param>
            <param index="1">
              <value>
                <![CDATA[13]]>
              </value>
            </param>
            <param index="2">
              <value>
                <![CDATA[parthking05@outlook.com]]>
              </value>
            </param>
            <param index="3">
              <value>
                <![CDATA[parthp05]]>
              </value>
            </param>
            <param index="4">
              <value>
                <![CDATA[Kumar Sanu]]>
              </value>
            </param>
          </params>
          <reporter-output>
          </reporter-output>
        </test-method> <!-- TestCaseEarnApp -->
        <test-method signature="TestCaseEarnApp(java.lang.String,java.lang.String,java.lang.String,java.lang.String,java.lang.String)[pri:0, instance:HelloAppium.TestRunnerForEarnApp@12b0404f]" started-at="2024-11-01T01:36:46 EDT" name="TestCaseEarnApp" data-provider="ObjectDataProvider" finished-at="2024-11-01T01:38:38 EDT" duration-ms="111313" status="PASS">
          <params>
            <param index="0">
              <value>
                <![CDATA[99271FFAZ001SV]]>
              </value>
            </param>
            <param index="1">
              <value>
                <![CDATA[13]]>
              </value>
            </param>
            <param index="2">
              <value>
                <![CDATA[sonalip1907@outlook.com]]>
              </value>
            </param>
            <param index="3">
              <value>
                <![CDATA[sonalip19]]>
              </value>
            </param>
            <param index="4">
              <value>
                <![CDATA[Kumar Sanu]]>
              </value>
            </param>
          </params>
          <reporter-output>
          </reporter-output>
        </test-method> <!-- TestCaseEarnApp -->
        <test-method signature="TestCaseEarnApp(java.lang.String,java.lang.String,java.lang.String,java.lang.String,java.lang.String)[pri:0, instance:HelloAppium.TestRunnerForEarnApp@12b0404f]" started-at="2024-11-01T01:38:38 EDT" name="TestCaseEarnApp" data-provider="ObjectDataProvider" finished-at="2024-11-01T01:40:28 EDT" duration-ms="110812" status="PASS">
          <params>
            <param index="0">
              <value>
                <![CDATA[99271FFAZ001SV]]>
              </value>
            </param>
            <param index="1">
              <value>
                <![CDATA[13]]>
              </value>
            </param>
            <param index="2">
              <value>
                <![CDATA[deepakp2209@outlook.com]]>
              </value>
            </param>
            <param index="3">
              <value>
                <![CDATA[deepakp22]]>
              </value>
            </param>
            <param index="4">
              <value>
                <![CDATA[Kumar Sanu]]>
              </value>
            </param>
          </params>
          <reporter-output>
          </reporter-output>
        </test-method> <!-- TestCaseEarnApp -->
        <test-method signature="TestCaseEarnApp(java.lang.String,java.lang.String,java.lang.String,java.lang.String,java.lang.String)[pri:0, instance:HelloAppium.TestRunnerForEarnApp@12b0404f]" started-at="2024-11-01T01:40:28 EDT" name="TestCaseEarnApp" data-provider="ObjectDataProvider" finished-at="2024-11-01T01:42:20 EDT" duration-ms="111295" status="PASS">
          <params>
            <param index="0">
              <value>
                <![CDATA[99271FFAZ001SV]]>
              </value>
            </param>
            <param index="1">
              <value>
                <![CDATA[13]]>
              </value>
            </param>
            <param index="2">
              <value>
                <![CDATA[ravibhojpuria@outlook.com]]>
              </value>
            </param>
            <param index="3">
              <value>
                <![CDATA[raviking89]]>
              </value>
            </param>
            <param index="4">
              <value>
                <![CDATA[Kumar Sanu]]>
              </value>
            </param>
          </params>
          <reporter-output>
          </reporter-output>
        </test-method> <!-- TestCaseEarnApp -->
        <test-method signature="TestCaseEarnApp(java.lang.String,java.lang.String,java.lang.String,java.lang.String,java.lang.String)[pri:0, instance:HelloAppium.TestRunnerForEarnApp@12b0404f]" started-at="2024-11-01T01:42:20 EDT" name="TestCaseEarnApp" data-provider="ObjectDataProvider" finished-at="2024-11-01T01:44:10 EDT" duration-ms="110663" status="PASS">
          <params>
            <param index="0">
              <value>
                <![CDATA[99271FFAZ001SV]]>
              </value>
            </param>
            <param index="1">
              <value>
                <![CDATA[13]]>
              </value>
            </param>
            <param index="2">
              <value>
                <![CDATA[automationsavi@outlook.com]]>
              </value>
            </param>
            <param index="3">
              <value>
                <![CDATA[Swar@tcs03]]>
              </value>
            </param>
            <param index="4">
              <value>
                <![CDATA[Kumar Sanu]]>
              </value>
            </param>
          </params>
          <reporter-output>
          </reporter-output>
        </test-method> <!-- TestCaseEarnApp -->
        <test-method signature="TestCaseEarnApp(java.lang.String,java.lang.String,java.lang.String,java.lang.String,java.lang.String)[pri:0, instance:HelloAppium.TestRunnerForEarnApp@12b0404f]" started-at="2024-11-01T01:44:10 EDT" name="TestCaseEarnApp" data-provider="ObjectDataProvider" finished-at="2024-11-01T01:46:01 EDT" duration-ms="111126" status="PASS">
          <params>
            <param index="0">
              <value>
                <![CDATA[99271FFAZ001SV]]>
              </value>
            </param>
            <param index="1">
              <value>
                <![CDATA[13]]>
              </value>
            </param>
            <param index="2">
              <value>
                <![CDATA[sidhaalk@outlook.com]]>
              </value>
            </param>
            <param index="3">
              <value>
                <![CDATA[sidhaal@K10]]>
              </value>
            </param>
            <param index="4">
              <value>
                <![CDATA[Kumar Sanu]]>
              </value>
            </param>
          </params>
          <reporter-output>
          </reporter-output>
        </test-method> <!-- TestCaseEarnApp -->
        <test-method signature="TestCaseEarnApp(java.lang.String,java.lang.String,java.lang.String,java.lang.String,java.lang.String)[pri:0, instance:HelloAppium.TestRunnerForEarnApp@12b0404f]" started-at="2024-11-01T01:46:01 EDT" name="TestCaseEarnApp" data-provider="ObjectDataProvider" finished-at="2024-11-01T01:47:53 EDT" duration-ms="111300" status="PASS">
          <params>
            <param index="0">
              <value>
                <![CDATA[99271FFAZ001SV]]>
              </value>
            </param>
            <param index="1">
              <value>
                <![CDATA[13]]>
              </value>
            </param>
            <param index="2">
              <value>
                <![CDATA[Jyoti.john@outlook.com]]>
              </value>
            </param>
            <param index="3">
              <value>
                <![CDATA[GWElcome123#]]>
              </value>
            </param>
            <param index="4">
              <value>
                <![CDATA[Kumar Sanu]]>
              </value>
            </param>
          </params>
          <reporter-output>
          </reporter-output>
        </test-method> <!-- TestCaseEarnApp -->
        <test-method signature="TestCaseEarnApp(java.lang.String,java.lang.String,java.lang.String,java.lang.String,java.lang.String)[pri:0, instance:HelloAppium.TestRunnerForEarnApp@12b0404f]" started-at="2024-11-01T01:47:53 EDT" name="TestCaseEarnApp" data-provider="ObjectDataProvider" finished-at="2024-11-01T01:49:44 EDT" duration-ms="111335" status="PASS">
          <params>
            <param index="0">
              <value>
                <![CDATA[99271FFAZ001SV]]>
              </value>
            </param>
            <param index="1">
              <value>
                <![CDATA[13]]>
              </value>
            </param>
            <param index="2">
              <value>
                <![CDATA[chetan.patil2016@outlook.com]]>
              </value>
            </param>
            <param index="3">
              <value>
                <![CDATA[GWElcome123#]]>
              </value>
            </param>
            <param index="4">
              <value>
                <![CDATA[Kumar Sanu]]>
              </value>
            </param>
          </params>
          <reporter-output>
          </reporter-output>
        </test-method> <!-- TestCaseEarnApp -->
        <test-method signature="TestCaseEarnApp(java.lang.String,java.lang.String,java.lang.String,java.lang.String,java.lang.String)[pri:0, instance:HelloAppium.TestRunnerForEarnApp@12b0404f]" started-at="2024-11-01T01:49:44 EDT" name="TestCaseEarnApp" data-provider="ObjectDataProvider" finished-at="2024-11-01T01:51:35 EDT" duration-ms="110842" status="PASS">
          <params>
            <param index="0">
              <value>
                <![CDATA[99271FFAZ001SV]]>
              </value>
            </param>
            <param index="1">
              <value>
                <![CDATA[13]]>
              </value>
            </param>
            <param index="2">
              <value>
                <![CDATA[bob.sagerar@outlook.com]]>
              </value>
            </param>
            <param index="3">
              <value>
                <![CDATA[Subupassword@123]]>
              </value>
            </param>
            <param index="4">
              <value>
                <![CDATA[Kumar Sanu]]>
              </value>
            </param>
          </params>
          <reporter-output>
          </reporter-output>
        </test-method> <!-- TestCaseEarnApp -->
        <test-method signature="TestCaseEarnApp(java.lang.String,java.lang.String,java.lang.String,java.lang.String,java.lang.String)[pri:0, instance:HelloAppium.TestRunnerForEarnApp@12b0404f]" started-at="2024-11-01T01:51:35 EDT" name="TestCaseEarnApp" data-provider="ObjectDataProvider" finished-at="2024-11-01T01:53:27 EDT" duration-ms="111919" status="PASS">
          <params>
            <param index="0">
              <value>
                <![CDATA[99271FFAZ001SV]]>
              </value>
            </param>
            <param index="1">
              <value>
                <![CDATA[13]]>
              </value>
            </param>
            <param index="2">
              <value>
                <![CDATA[parthking05@outlook.com]]>
              </value>
            </param>
            <param index="3">
              <value>
                <![CDATA[parthp05]]>
              </value>
            </param>
            <param index="4">
              <value>
                <![CDATA[Kumar Sanu]]>
              </value>
            </param>
          </params>
          <reporter-output>
          </reporter-output>
        </test-method> <!-- TestCaseEarnApp -->
        <test-method signature="TestCaseEarnApp(java.lang.String,java.lang.String,java.lang.String,java.lang.String,java.lang.String)[pri:0, instance:HelloAppium.TestRunnerForEarnApp@12b0404f]" started-at="2024-11-01T01:53:27 EDT" name="TestCaseEarnApp" data-provider="ObjectDataProvider" finished-at="2024-11-01T01:55:18 EDT" duration-ms="111106" status="PASS">
          <params>
            <param index="0">
              <value>
                <![CDATA[99271FFAZ001SV]]>
              </value>
            </param>
            <param index="1">
              <value>
                <![CDATA[13]]>
              </value>
            </param>
            <param index="2">
              <value>
                <![CDATA[sonalip1907@outlook.com]]>
              </value>
            </param>
            <param index="3">
              <value>
                <![CDATA[sonalip19]]>
              </value>
            </param>
            <param index="4">
              <value>
                <![CDATA[Kumar Sanu]]>
              </value>
            </param>
          </params>
          <reporter-output>
          </reporter-output>
        </test-method> <!-- TestCaseEarnApp -->
        <test-method signature="TestCaseEarnApp(java.lang.String,java.lang.String,java.lang.String,java.lang.String,java.lang.String)[pri:0, instance:HelloAppium.TestRunnerForEarnApp@12b0404f]" started-at="2024-11-01T01:55:18 EDT" name="TestCaseEarnApp" data-provider="ObjectDataProvider" finished-at="2024-11-01T01:57:09 EDT" duration-ms="110902" status="PASS">
          <params>
            <param index="0">
              <value>
                <![CDATA[99271FFAZ001SV]]>
              </value>
            </param>
            <param index="1">
              <value>
                <![CDATA[13]]>
              </value>
            </param>
            <param index="2">
              <value>
                <![CDATA[deepakp2209@outlook.com]]>
              </value>
            </param>
            <param index="3">
              <value>
                <![CDATA[deepakp22]]>
              </value>
            </param>
            <param index="4">
              <value>
                <![CDATA[Kumar Sanu]]>
              </value>
            </param>
          </params>
          <reporter-output>
          </reporter-output>
        </test-method> <!-- TestCaseEarnApp -->
        <test-method signature="TestCaseEarnApp(java.lang.String,java.lang.String,java.lang.String,java.lang.String,java.lang.String)[pri:0, instance:HelloAppium.TestRunnerForEarnApp@12b0404f]" started-at="2024-11-01T01:57:09 EDT" name="TestCaseEarnApp" data-provider="ObjectDataProvider" finished-at="2024-11-01T01:59:01 EDT" duration-ms="112585" status="PASS">
          <params>
            <param index="0">
              <value>
                <![CDATA[99271FFAZ001SV]]>
              </value>
            </param>
            <param index="1">
              <value>
                <![CDATA[13]]>
              </value>
            </param>
            <param index="2">
              <value>
                <![CDATA[ravibhojpuria@outlook.com]]>
              </value>
            </param>
            <param index="3">
              <value>
                <![CDATA[raviking89]]>
              </value>
            </param>
            <param index="4">
              <value>
                <![CDATA[Kumar Sanu]]>
              </value>
            </param>
          </params>
          <reporter-output>
          </reporter-output>
        </test-method> <!-- TestCaseEarnApp -->
        <test-method signature="TestCaseEarnApp(java.lang.String,java.lang.String,java.lang.String,java.lang.String,java.lang.String)[pri:0, instance:HelloAppium.TestRunnerForEarnApp@12b0404f]" started-at="2024-11-01T01:59:01 EDT" name="TestCaseEarnApp" data-provider="ObjectDataProvider" finished-at="2024-11-01T02:00:53 EDT" duration-ms="111373" status="PASS">
          <params>
            <param index="0">
              <value>
                <![CDATA[99271FFAZ001SV]]>
              </value>
            </param>
            <param index="1">
              <value>
                <![CDATA[13]]>
              </value>
            </param>
            <param index="2">
              <value>
                <![CDATA[automationsavi@outlook.com]]>
              </value>
            </param>
            <param index="3">
              <value>
                <![CDATA[Swar@tcs03]]>
              </value>
            </param>
            <param index="4">
              <value>
                <![CDATA[Kumar Sanu]]>
              </value>
            </param>
          </params>
          <reporter-output>
          </reporter-output>
        </test-method> <!-- TestCaseEarnApp -->
        <test-method signature="TestCaseEarnApp(java.lang.String,java.lang.String,java.lang.String,java.lang.String,java.lang.String)[pri:0, instance:HelloAppium.TestRunnerForEarnApp@12b0404f]" started-at="2024-11-01T02:00:53 EDT" name="TestCaseEarnApp" data-provider="ObjectDataProvider" finished-at="2024-11-01T02:02:44 EDT" duration-ms="111417" status="PASS">
          <params>
            <param index="0">
              <value>
                <![CDATA[99271FFAZ001SV]]>
              </value>
            </param>
            <param index="1">
              <value>
                <![CDATA[13]]>
              </value>
            </param>
            <param index="2">
              <value>
                <![CDATA[sidhaalk@outlook.com]]>
              </value>
            </param>
            <param index="3">
              <value>
                <![CDATA[sidhaal@K10]]>
              </value>
            </param>
            <param index="4">
              <value>
                <![CDATA[Kumar Sanu]]>
              </value>
            </param>
          </params>
          <reporter-output>
          </reporter-output>
        </test-method> <!-- TestCaseEarnApp -->
        <test-method signature="TestCaseEarnApp(java.lang.String,java.lang.String,java.lang.String,java.lang.String,java.lang.String)[pri:0, instance:HelloAppium.TestRunnerForEarnApp@12b0404f]" started-at="2024-11-01T02:02:44 EDT" name="TestCaseEarnApp" data-provider="ObjectDataProvider" finished-at="2024-11-01T02:04:34 EDT" duration-ms="110140" status="PASS">
          <params>
            <param index="0">
              <value>
                <![CDATA[99271FFAZ001SV]]>
              </value>
            </param>
            <param index="1">
              <value>
                <![CDATA[13]]>
              </value>
            </param>
            <param index="2">
              <value>
                <![CDATA[Jyoti.john@outlook.com]]>
              </value>
            </param>
            <param index="3">
              <value>
                <![CDATA[GWElcome123#]]>
              </value>
            </param>
            <param index="4">
              <value>
                <![CDATA[Kumar Sanu]]>
              </value>
            </param>
          </params>
          <reporter-output>
          </reporter-output>
        </test-method> <!-- TestCaseEarnApp -->
        <test-method signature="TestCaseEarnApp(java.lang.String,java.lang.String,java.lang.String,java.lang.String,java.lang.String)[pri:0, instance:HelloAppium.TestRunnerForEarnApp@12b0404f]" started-at="2024-11-01T02:04:34 EDT" name="TestCaseEarnApp" data-provider="ObjectDataProvider" finished-at="2024-11-01T02:06:27 EDT" duration-ms="112258" status="PASS">
          <params>
            <param index="0">
              <value>
                <![CDATA[99271FFAZ001SV]]>
              </value>
            </param>
            <param index="1">
              <value>
                <![CDATA[13]]>
              </value>
            </param>
            <param index="2">
              <value>
                <![CDATA[chetan.patil2016@outlook.com]]>
              </value>
            </param>
            <param index="3">
              <value>
                <![CDATA[GWElcome123#]]>
              </value>
            </param>
            <param index="4">
              <value>
                <![CDATA[Kumar Sanu]]>
              </value>
            </param>
          </params>
          <reporter-output>
          </reporter-output>
        </test-method> <!-- TestCaseEarnApp -->
        <test-method signature="TestCaseEarnApp(java.lang.String,java.lang.String,java.lang.String,java.lang.String,java.lang.String)[pri:0, instance:HelloAppium.TestRunnerForEarnApp@12b0404f]" started-at="2024-11-01T02:06:27 EDT" name="TestCaseEarnApp" data-provider="ObjectDataProvider" finished-at="2024-11-01T02:08:18 EDT" duration-ms="111021" status="PASS">
          <params>
            <param index="0">
              <value>
                <![CDATA[99271FFAZ001SV]]>
              </value>
            </param>
            <param index="1">
              <value>
                <![CDATA[13]]>
              </value>
            </param>
            <param index="2">
              <value>
                <![CDATA[bob.sagerar@outlook.com]]>
              </value>
            </param>
            <param index="3">
              <value>
                <![CDATA[Subupassword@123]]>
              </value>
            </param>
            <param index="4">
              <value>
                <![CDATA[Kumar Sanu]]>
              </value>
            </param>
          </params>
          <reporter-output>
          </reporter-output>
        </test-method> <!-- TestCaseEarnApp -->
        <test-method signature="TestCaseEarnApp(java.lang.String,java.lang.String,java.lang.String,java.lang.String,java.lang.String)[pri:0, instance:HelloAppium.TestRunnerForEarnApp@12b0404f]" started-at="2024-11-01T02:08:18 EDT" name="TestCaseEarnApp" data-provider="ObjectDataProvider" finished-at="2024-11-01T02:10:09 EDT" duration-ms="111165" status="PASS">
          <params>
            <param index="0">
              <value>
                <![CDATA[99271FFAZ001SV]]>
              </value>
            </param>
            <param index="1">
              <value>
                <![CDATA[13]]>
              </value>
            </param>
            <param index="2">
              <value>
                <![CDATA[parthking05@outlook.com]]>
              </value>
            </param>
            <param index="3">
              <value>
                <![CDATA[parthp05]]>
              </value>
            </param>
            <param index="4">
              <value>
                <![CDATA[Kumar Sanu]]>
              </value>
            </param>
          </params>
          <reporter-output>
          </reporter-output>
        </test-method> <!-- TestCaseEarnApp -->
        <test-method signature="TestCaseEarnApp(java.lang.String,java.lang.String,java.lang.String,java.lang.String,java.lang.String)[pri:0, instance:HelloAppium.TestRunnerForEarnApp@12b0404f]" started-at="2024-11-01T02:10:09 EDT" name="TestCaseEarnApp" data-provider="ObjectDataProvider" finished-at="2024-11-01T02:11:59 EDT" duration-ms="110087" status="PASS">
          <params>
            <param index="0">
              <value>
                <![CDATA[99271FFAZ001SV]]>
              </value>
            </param>
            <param index="1">
              <value>
                <![CDATA[13]]>
              </value>
            </param>
            <param index="2">
              <value>
                <![CDATA[sonalip1907@outlook.com]]>
              </value>
            </param>
            <param index="3">
              <value>
                <![CDATA[sonalip19]]>
              </value>
            </param>
            <param index="4">
              <value>
                <![CDATA[Kumar Sanu]]>
              </value>
            </param>
          </params>
          <reporter-output>
          </reporter-output>
        </test-method> <!-- TestCaseEarnApp -->
        <test-method signature="TestCaseEarnApp(java.lang.String,java.lang.String,java.lang.String,java.lang.String,java.lang.String)[pri:0, instance:HelloAppium.TestRunnerForEarnApp@12b0404f]" started-at="2024-11-01T02:11:59 EDT" name="TestCaseEarnApp" data-provider="ObjectDataProvider" finished-at="2024-11-01T02:13:51 EDT" duration-ms="112494" status="PASS">
          <params>
            <param index="0">
              <value>
                <![CDATA[99271FFAZ001SV]]>
              </value>
            </param>
            <param index="1">
              <value>
                <![CDATA[13]]>
              </value>
            </param>
            <param index="2">
              <value>
                <![CDATA[deepakp2209@outlook.com]]>
              </value>
            </param>
            <param index="3">
              <value>
                <![CDATA[deepakp22]]>
              </value>
            </param>
            <param index="4">
              <value>
                <![CDATA[Kumar Sanu]]>
              </value>
            </param>
          </params>
          <reporter-output>
          </reporter-output>
        </test-method> <!-- TestCaseEarnApp -->
        <test-method signature="TestCaseEarnApp(java.lang.String,java.lang.String,java.lang.String,java.lang.String,java.lang.String)[pri:0, instance:HelloAppium.TestRunnerForEarnApp@12b0404f]" started-at="2024-11-01T02:13:51 EDT" name="TestCaseEarnApp" data-provider="ObjectDataProvider" finished-at="2024-11-01T02:15:42 EDT" duration-ms="110967" status="PASS">
          <params>
            <param index="0">
              <value>
                <![CDATA[99271FFAZ001SV]]>
              </value>
            </param>
            <param index="1">
              <value>
                <![CDATA[13]]>
              </value>
            </param>
            <param index="2">
              <value>
                <![CDATA[ravibhojpuria@outlook.com]]>
              </value>
            </param>
            <param index="3">
              <value>
                <![CDATA[raviking89]]>
              </value>
            </param>
            <param index="4">
              <value>
                <![CDATA[Kumar Sanu]]>
              </value>
            </param>
          </params>
          <reporter-output>
          </reporter-output>
        </test-method> <!-- TestCaseEarnApp -->
        <test-method signature="TestCaseEarnApp(java.lang.String,java.lang.String,java.lang.String,java.lang.String,java.lang.String)[pri:0, instance:HelloAppium.TestRunnerForEarnApp@12b0404f]" started-at="2024-11-01T02:15:42 EDT" name="TestCaseEarnApp" data-provider="ObjectDataProvider" finished-at="2024-11-01T02:17:33 EDT" duration-ms="110421" status="PASS">
          <params>
            <param index="0">
              <value>
                <![CDATA[99271FFAZ001SV]]>
              </value>
            </param>
            <param index="1">
              <value>
                <![CDATA[13]]>
              </value>
            </param>
            <param index="2">
              <value>
                <![CDATA[automationsavi@outlook.com]]>
              </value>
            </param>
            <param index="3">
              <value>
                <![CDATA[Swar@tcs03]]>
              </value>
            </param>
            <param index="4">
              <value>
                <![CDATA[Kumar Sanu]]>
              </value>
            </param>
          </params>
          <reporter-output>
          </reporter-output>
        </test-method> <!-- TestCaseEarnApp -->
        <test-method signature="TestCaseEarnApp(java.lang.String,java.lang.String,java.lang.String,java.lang.String,java.lang.String)[pri:0, instance:HelloAppium.TestRunnerForEarnApp@12b0404f]" started-at="2024-11-01T02:17:33 EDT" name="TestCaseEarnApp" data-provider="ObjectDataProvider" finished-at="2024-11-01T02:19:24 EDT" duration-ms="111434" status="PASS">
          <params>
            <param index="0">
              <value>
                <![CDATA[99271FFAZ001SV]]>
              </value>
            </param>
            <param index="1">
              <value>
                <![CDATA[13]]>
              </value>
            </param>
            <param index="2">
              <value>
                <![CDATA[sidhaalk@outlook.com]]>
              </value>
            </param>
            <param index="3">
              <value>
                <![CDATA[sidhaal@K10]]>
              </value>
            </param>
            <param index="4">
              <value>
                <![CDATA[Kumar Sanu]]>
              </value>
            </param>
          </params>
          <reporter-output>
          </reporter-output>
        </test-method> <!-- TestCaseEarnApp -->
        <test-method signature="TestCaseEarnApp(java.lang.String,java.lang.String,java.lang.String,java.lang.String,java.lang.String)[pri:0, instance:HelloAppium.TestRunnerForEarnApp@12b0404f]" started-at="2024-11-01T02:19:24 EDT" name="TestCaseEarnApp" data-provider="ObjectDataProvider" finished-at="2024-11-01T02:21:16 EDT" duration-ms="111738" status="PASS">
          <params>
            <param index="0">
              <value>
                <![CDATA[99271FFAZ001SV]]>
              </value>
            </param>
            <param index="1">
              <value>
                <![CDATA[13]]>
              </value>
            </param>
            <param index="2">
              <value>
                <![CDATA[Jyoti.john@outlook.com]]>
              </value>
            </param>
            <param index="3">
              <value>
                <![CDATA[GWElcome123#]]>
              </value>
            </param>
            <param index="4">
              <value>
                <![CDATA[Kumar Sanu]]>
              </value>
            </param>
          </params>
          <reporter-output>
          </reporter-output>
        </test-method> <!-- TestCaseEarnApp -->
        <test-method signature="TestCaseEarnApp(java.lang.String,java.lang.String,java.lang.String,java.lang.String,java.lang.String)[pri:0, instance:HelloAppium.TestRunnerForEarnApp@12b0404f]" started-at="2024-11-01T02:21:16 EDT" name="TestCaseEarnApp" data-provider="ObjectDataProvider" finished-at="2024-11-01T02:23:06 EDT" duration-ms="110352" status="PASS">
          <params>
            <param index="0">
              <value>
                <![CDATA[99271FFAZ001SV]]>
              </value>
            </param>
            <param index="1">
              <value>
                <![CDATA[13]]>
              </value>
            </param>
            <param index="2">
              <value>
                <![CDATA[chetan.patil2016@outlook.com]]>
              </value>
            </param>
            <param index="3">
              <value>
                <![CDATA[GWElcome123#]]>
              </value>
            </param>
            <param index="4">
              <value>
                <![CDATA[Kumar Sanu]]>
              </value>
            </param>
          </params>
          <reporter-output>
          </reporter-output>
        </test-method> <!-- TestCaseEarnApp -->
        <test-method signature="TestCaseEarnApp(java.lang.String,java.lang.String,java.lang.String,java.lang.String,java.lang.String)[pri:0, instance:HelloAppium.TestRunnerForEarnApp@12b0404f]" started-at="2024-11-01T02:23:06 EDT" name="TestCaseEarnApp" data-provider="ObjectDataProvider" finished-at="2024-11-01T02:24:58 EDT" duration-ms="111381" status="PASS">
          <params>
            <param index="0">
              <value>
                <![CDATA[99271FFAZ001SV]]>
              </value>
            </param>
            <param index="1">
              <value>
                <![CDATA[13]]>
              </value>
            </param>
            <param index="2">
              <value>
                <![CDATA[bob.sagerar@outlook.com]]>
              </value>
            </param>
            <param index="3">
              <value>
                <![CDATA[Subupassword@123]]>
              </value>
            </param>
            <param index="4">
              <value>
                <![CDATA[Kumar Sanu]]>
              </value>
            </param>
          </params>
          <reporter-output>
          </reporter-output>
        </test-method> <!-- TestCaseEarnApp -->
        <test-method signature="TestCaseEarnApp(java.lang.String,java.lang.String,java.lang.String,java.lang.String,java.lang.String)[pri:0, instance:HelloAppium.TestRunnerForEarnApp@12b0404f]" started-at="2024-11-01T02:24:58 EDT" name="TestCaseEarnApp" data-provider="ObjectDataProvider" finished-at="2024-11-01T02:26:49 EDT" duration-ms="111554" status="PASS">
          <params>
            <param index="0">
              <value>
                <![CDATA[99271FFAZ001SV]]>
              </value>
            </param>
            <param index="1">
              <value>
                <![CDATA[13]]>
              </value>
            </param>
            <param index="2">
              <value>
                <![CDATA[parthking05@outlook.com]]>
              </value>
            </param>
            <param index="3">
              <value>
                <![CDATA[parthp05]]>
              </value>
            </param>
            <param index="4">
              <value>
                <![CDATA[Kumar Sanu]]>
              </value>
            </param>
          </params>
          <reporter-output>
          </reporter-output>
        </test-method> <!-- TestCaseEarnApp -->
        <test-method signature="TestCaseEarnApp(java.lang.String,java.lang.String,java.lang.String,java.lang.String,java.lang.String)[pri:0, instance:HelloAppium.TestRunnerForEarnApp@12b0404f]" started-at="2024-11-01T02:26:49 EDT" name="TestCaseEarnApp" data-provider="ObjectDataProvider" finished-at="2024-11-01T02:28:41 EDT" duration-ms="111421" status="PASS">
          <params>
            <param index="0">
              <value>
                <![CDATA[99271FFAZ001SV]]>
              </value>
            </param>
            <param index="1">
              <value>
                <![CDATA[13]]>
              </value>
            </param>
            <param index="2">
              <value>
                <![CDATA[sonalip1907@outlook.com]]>
              </value>
            </param>
            <param index="3">
              <value>
                <![CDATA[sonalip19]]>
              </value>
            </param>
            <param index="4">
              <value>
                <![CDATA[Kumar Sanu]]>
              </value>
            </param>
          </params>
          <reporter-output>
          </reporter-output>
        </test-method> <!-- TestCaseEarnApp -->
        <test-method signature="TestCaseEarnApp(java.lang.String,java.lang.String,java.lang.String,java.lang.String,java.lang.String)[pri:0, instance:HelloAppium.TestRunnerForEarnApp@12b0404f]" started-at="2024-11-01T02:28:41 EDT" name="TestCaseEarnApp" data-provider="ObjectDataProvider" finished-at="2024-11-01T02:30:31 EDT" duration-ms="110361" status="PASS">
          <params>
            <param index="0">
              <value>
                <![CDATA[99271FFAZ001SV]]>
              </value>
            </param>
            <param index="1">
              <value>
                <![CDATA[13]]>
              </value>
            </param>
            <param index="2">
              <value>
                <![CDATA[deepakp2209@outlook.com]]>
              </value>
            </param>
            <param index="3">
              <value>
                <![CDATA[deepakp22]]>
              </value>
            </param>
            <param index="4">
              <value>
                <![CDATA[Kumar Sanu]]>
              </value>
            </param>
          </params>
          <reporter-output>
          </reporter-output>
        </test-method> <!-- TestCaseEarnApp -->
        <test-method signature="TestCaseEarnApp(java.lang.String,java.lang.String,java.lang.String,java.lang.String,java.lang.String)[pri:0, instance:HelloAppium.TestRunnerForEarnApp@12b0404f]" started-at="2024-11-01T02:30:31 EDT" name="TestCaseEarnApp" data-provider="ObjectDataProvider" finished-at="2024-11-01T02:32:23 EDT" duration-ms="111563" status="PASS">
          <params>
            <param index="0">
              <value>
                <![CDATA[99271FFAZ001SV]]>
              </value>
            </param>
            <param index="1">
              <value>
                <![CDATA[13]]>
              </value>
            </param>
            <param index="2">
              <value>
                <![CDATA[ravibhojpuria@outlook.com]]>
              </value>
            </param>
            <param index="3">
              <value>
                <![CDATA[raviking89]]>
              </value>
            </param>
            <param index="4">
              <value>
                <![CDATA[Kumar Sanu]]>
              </value>
            </param>
          </params>
          <reporter-output>
          </reporter-output>
        </test-method> <!-- TestCaseEarnApp -->
        <test-method signature="TestCaseEarnApp(java.lang.String,java.lang.String,java.lang.String,java.lang.String,java.lang.String)[pri:0, instance:HelloAppium.TestRunnerForEarnApp@12b0404f]" started-at="2024-11-01T02:32:23 EDT" name="TestCaseEarnApp" data-provider="ObjectDataProvider" finished-at="2024-11-01T02:34:13 EDT" duration-ms="110736" status="PASS">
          <params>
            <param index="0">
              <value>
                <![CDATA[99271FFAZ001SV]]>
              </value>
            </param>
            <param index="1">
              <value>
                <![CDATA[13]]>
              </value>
            </param>
            <param index="2">
              <value>
                <![CDATA[automationsavi@outlook.com]]>
              </value>
            </param>
            <param index="3">
              <value>
                <![CDATA[Swar@tcs03]]>
              </value>
            </param>
            <param index="4">
              <value>
                <![CDATA[Kumar Sanu]]>
              </value>
            </param>
          </params>
          <reporter-output>
          </reporter-output>
        </test-method> <!-- TestCaseEarnApp -->
        <test-method signature="TestCaseEarnApp(java.lang.String,java.lang.String,java.lang.String,java.lang.String,java.lang.String)[pri:0, instance:HelloAppium.TestRunnerForEarnApp@12b0404f]" started-at="2024-11-01T02:34:13 EDT" name="TestCaseEarnApp" data-provider="ObjectDataProvider" finished-at="2024-11-01T02:36:03 EDT" duration-ms="110048" status="PASS">
          <params>
            <param index="0">
              <value>
                <![CDATA[99271FFAZ001SV]]>
              </value>
            </param>
            <param index="1">
              <value>
                <![CDATA[13]]>
              </value>
            </param>
            <param index="2">
              <value>
                <![CDATA[sidhaalk@outlook.com]]>
              </value>
            </param>
            <param index="3">
              <value>
                <![CDATA[sidhaal@K10]]>
              </value>
            </param>
            <param index="4">
              <value>
                <![CDATA[Kumar Sanu]]>
              </value>
            </param>
          </params>
          <reporter-output>
          </reporter-output>
        </test-method> <!-- TestCaseEarnApp -->
        <test-method signature="TestCaseEarnApp(java.lang.String,java.lang.String,java.lang.String,java.lang.String,java.lang.String)[pri:0, instance:HelloAppium.TestRunnerForEarnApp@12b0404f]" started-at="2024-11-01T02:36:03 EDT" name="TestCaseEarnApp" data-provider="ObjectDataProvider" finished-at="2024-11-01T02:37:55 EDT" duration-ms="111745" status="PASS">
          <params>
            <param index="0">
              <value>
                <![CDATA[99271FFAZ001SV]]>
              </value>
            </param>
            <param index="1">
              <value>
                <![CDATA[13]]>
              </value>
            </param>
            <param index="2">
              <value>
                <![CDATA[Jyoti.john@outlook.com]]>
              </value>
            </param>
            <param index="3">
              <value>
                <![CDATA[GWElcome123#]]>
              </value>
            </param>
            <param index="4">
              <value>
                <![CDATA[Kumar Sanu]]>
              </value>
            </param>
          </params>
          <reporter-output>
          </reporter-output>
        </test-method> <!-- TestCaseEarnApp -->
        <test-method signature="TestCaseEarnApp(java.lang.String,java.lang.String,java.lang.String,java.lang.String,java.lang.String)[pri:0, instance:HelloAppium.TestRunnerForEarnApp@12b0404f]" started-at="2024-11-01T02:37:55 EDT" name="TestCaseEarnApp" data-provider="ObjectDataProvider" finished-at="2024-11-01T02:39:47 EDT" duration-ms="111574" status="PASS">
          <params>
            <param index="0">
              <value>
                <![CDATA[99271FFAZ001SV]]>
              </value>
            </param>
            <param index="1">
              <value>
                <![CDATA[13]]>
              </value>
            </param>
            <param index="2">
              <value>
                <![CDATA[chetan.patil2016@outlook.com]]>
              </value>
            </param>
            <param index="3">
              <value>
                <![CDATA[GWElcome123#]]>
              </value>
            </param>
            <param index="4">
              <value>
                <![CDATA[Kumar Sanu]]>
              </value>
            </param>
          </params>
          <reporter-output>
          </reporter-output>
        </test-method> <!-- TestCaseEarnApp -->
        <test-method signature="TestCaseEarnApp(java.lang.String,java.lang.String,java.lang.String,java.lang.String,java.lang.String)[pri:0, instance:HelloAppium.TestRunnerForEarnApp@12b0404f]" started-at="2024-11-01T02:39:47 EDT" name="TestCaseEarnApp" data-provider="ObjectDataProvider" finished-at="2024-11-01T02:41:38 EDT" duration-ms="111164" status="PASS">
          <params>
            <param index="0">
              <value>
                <![CDATA[99271FFAZ001SV]]>
              </value>
            </param>
            <param index="1">
              <value>
                <![CDATA[13]]>
              </value>
            </param>
            <param index="2">
              <value>
                <![CDATA[bob.sagerar@outlook.com]]>
              </value>
            </param>
            <param index="3">
              <value>
                <![CDATA[Subupassword@123]]>
              </value>
            </param>
            <param index="4">
              <value>
                <![CDATA[Kumar Sanu]]>
              </value>
            </param>
          </params>
          <reporter-output>
          </reporter-output>
        </test-method> <!-- TestCaseEarnApp -->
        <test-method signature="TestCaseEarnApp(java.lang.String,java.lang.String,java.lang.String,java.lang.String,java.lang.String)[pri:0, instance:HelloAppium.TestRunnerForEarnApp@12b0404f]" started-at="2024-11-01T02:41:38 EDT" name="TestCaseEarnApp" data-provider="ObjectDataProvider" finished-at="2024-11-01T02:43:29 EDT" duration-ms="110867" status="PASS">
          <params>
            <param index="0">
              <value>
                <![CDATA[99271FFAZ001SV]]>
              </value>
            </param>
            <param index="1">
              <value>
                <![CDATA[13]]>
              </value>
            </param>
            <param index="2">
              <value>
                <![CDATA[parthking05@outlook.com]]>
              </value>
            </param>
            <param index="3">
              <value>
                <![CDATA[parthp05]]>
              </value>
            </param>
            <param index="4">
              <value>
                <![CDATA[Kumar Sanu]]>
              </value>
            </param>
          </params>
          <reporter-output>
          </reporter-output>
        </test-method> <!-- TestCaseEarnApp -->
        <test-method signature="TestCaseEarnApp(java.lang.String,java.lang.String,java.lang.String,java.lang.String,java.lang.String)[pri:0, instance:HelloAppium.TestRunnerForEarnApp@12b0404f]" started-at="2024-11-01T02:43:29 EDT" name="TestCaseEarnApp" data-provider="ObjectDataProvider" finished-at="2024-11-01T02:45:20 EDT" duration-ms="110931" status="PASS">
          <params>
            <param index="0">
              <value>
                <![CDATA[99271FFAZ001SV]]>
              </value>
            </param>
            <param index="1">
              <value>
                <![CDATA[13]]>
              </value>
            </param>
            <param index="2">
              <value>
                <![CDATA[sonalip1907@outlook.com]]>
              </value>
            </param>
            <param index="3">
              <value>
                <![CDATA[sonalip19]]>
              </value>
            </param>
            <param index="4">
              <value>
                <![CDATA[Kumar Sanu]]>
              </value>
            </param>
          </params>
          <reporter-output>
          </reporter-output>
        </test-method> <!-- TestCaseEarnApp -->
        <test-method signature="TestCaseEarnApp(java.lang.String,java.lang.String,java.lang.String,java.lang.String,java.lang.String)[pri:0, instance:HelloAppium.TestRunnerForEarnApp@12b0404f]" started-at="2024-11-01T02:45:20 EDT" name="TestCaseEarnApp" data-provider="ObjectDataProvider" finished-at="2024-11-01T02:47:11 EDT" duration-ms="111276" status="PASS">
          <params>
            <param index="0">
              <value>
                <![CDATA[99271FFAZ001SV]]>
              </value>
            </param>
            <param index="1">
              <value>
                <![CDATA[13]]>
              </value>
            </param>
            <param index="2">
              <value>
                <![CDATA[deepakp2209@outlook.com]]>
              </value>
            </param>
            <param index="3">
              <value>
                <![CDATA[deepakp22]]>
              </value>
            </param>
            <param index="4">
              <value>
                <![CDATA[Kumar Sanu]]>
              </value>
            </param>
          </params>
          <reporter-output>
          </reporter-output>
        </test-method> <!-- TestCaseEarnApp -->
        <test-method signature="TestCaseEarnApp(java.lang.String,java.lang.String,java.lang.String,java.lang.String,java.lang.String)[pri:0, instance:HelloAppium.TestRunnerForEarnApp@12b0404f]" started-at="2024-11-01T02:47:11 EDT" name="TestCaseEarnApp" data-provider="ObjectDataProvider" finished-at="2024-11-01T02:49:06 EDT" duration-ms="114910" status="PASS">
          <params>
            <param index="0">
              <value>
                <![CDATA[99271FFAZ001SV]]>
              </value>
            </param>
            <param index="1">
              <value>
                <![CDATA[13]]>
              </value>
            </param>
            <param index="2">
              <value>
                <![CDATA[ravibhojpuria@outlook.com]]>
              </value>
            </param>
            <param index="3">
              <value>
                <![CDATA[raviking89]]>
              </value>
            </param>
            <param index="4">
              <value>
                <![CDATA[Kumar Sanu]]>
              </value>
            </param>
          </params>
          <reporter-output>
          </reporter-output>
        </test-method> <!-- TestCaseEarnApp -->
        <test-method signature="TestCaseEarnApp(java.lang.String,java.lang.String,java.lang.String,java.lang.String,java.lang.String)[pri:0, instance:HelloAppium.TestRunnerForEarnApp@12b0404f]" started-at="2024-11-01T02:49:06 EDT" name="TestCaseEarnApp" data-provider="ObjectDataProvider" finished-at="2024-11-01T02:50:57 EDT" duration-ms="111207" status="PASS">
          <params>
            <param index="0">
              <value>
                <![CDATA[99271FFAZ001SV]]>
              </value>
            </param>
            <param index="1">
              <value>
                <![CDATA[13]]>
              </value>
            </param>
            <param index="2">
              <value>
                <![CDATA[automationsavi@outlook.com]]>
              </value>
            </param>
            <param index="3">
              <value>
                <![CDATA[Swar@tcs03]]>
              </value>
            </param>
            <param index="4">
              <value>
                <![CDATA[Kumar Sanu]]>
              </value>
            </param>
          </params>
          <reporter-output>
          </reporter-output>
        </test-method> <!-- TestCaseEarnApp -->
        <test-method signature="TestCaseEarnApp(java.lang.String,java.lang.String,java.lang.String,java.lang.String,java.lang.String)[pri:0, instance:HelloAppium.TestRunnerForEarnApp@12b0404f]" started-at="2024-11-01T02:50:57 EDT" name="TestCaseEarnApp" data-provider="ObjectDataProvider" finished-at="2024-11-01T02:52:49 EDT" duration-ms="111550" status="PASS">
          <params>
            <param index="0">
              <value>
                <![CDATA[99271FFAZ001SV]]>
              </value>
            </param>
            <param index="1">
              <value>
                <![CDATA[13]]>
              </value>
            </param>
            <param index="2">
              <value>
                <![CDATA[sidhaalk@outlook.com]]>
              </value>
            </param>
            <param index="3">
              <value>
                <![CDATA[sidhaal@K10]]>
              </value>
            </param>
            <param index="4">
              <value>
                <![CDATA[Kumar Sanu]]>
              </value>
            </param>
          </params>
          <reporter-output>
          </reporter-output>
        </test-method> <!-- TestCaseEarnApp -->
        <test-method signature="TestCaseEarnApp(java.lang.String,java.lang.String,java.lang.String,java.lang.String,java.lang.String)[pri:0, instance:HelloAppium.TestRunnerForEarnApp@12b0404f]" started-at="2024-11-01T02:52:49 EDT" name="TestCaseEarnApp" data-provider="ObjectDataProvider" finished-at="2024-11-01T02:54:39 EDT" duration-ms="110685" status="PASS">
          <params>
            <param index="0">
              <value>
                <![CDATA[99271FFAZ001SV]]>
              </value>
            </param>
            <param index="1">
              <value>
                <![CDATA[13]]>
              </value>
            </param>
            <param index="2">
              <value>
                <![CDATA[Jyoti.john@outlook.com]]>
              </value>
            </param>
            <param index="3">
              <value>
                <![CDATA[GWElcome123#]]>
              </value>
            </param>
            <param index="4">
              <value>
                <![CDATA[Kumar Sanu]]>
              </value>
            </param>
          </params>
          <reporter-output>
          </reporter-output>
        </test-method> <!-- TestCaseEarnApp -->
        <test-method signature="TestCaseEarnApp(java.lang.String,java.lang.String,java.lang.String,java.lang.String,java.lang.String)[pri:0, instance:HelloAppium.TestRunnerForEarnApp@12b0404f]" started-at="2024-11-01T02:54:39 EDT" name="TestCaseEarnApp" data-provider="ObjectDataProvider" finished-at="2024-11-01T02:56:31 EDT" duration-ms="111505" status="PASS">
          <params>
            <param index="0">
              <value>
                <![CDATA[99271FFAZ001SV]]>
              </value>
            </param>
            <param index="1">
              <value>
                <![CDATA[13]]>
              </value>
            </param>
            <param index="2">
              <value>
                <![CDATA[chetan.patil2016@outlook.com]]>
              </value>
            </param>
            <param index="3">
              <value>
                <![CDATA[GWElcome123#]]>
              </value>
            </param>
            <param index="4">
              <value>
                <![CDATA[Kumar Sanu]]>
              </value>
            </param>
          </params>
          <reporter-output>
          </reporter-output>
        </test-method> <!-- TestCaseEarnApp -->
        <test-method signature="TestCaseEarnApp(java.lang.String,java.lang.String,java.lang.String,java.lang.String,java.lang.String)[pri:0, instance:HelloAppium.TestRunnerForEarnApp@12b0404f]" started-at="2024-11-01T02:56:31 EDT" name="TestCaseEarnApp" data-provider="ObjectDataProvider" finished-at="2024-11-01T02:58:22 EDT" duration-ms="111028" status="PASS">
          <params>
            <param index="0">
              <value>
                <![CDATA[99271FFAZ001SV]]>
              </value>
            </param>
            <param index="1">
              <value>
                <![CDATA[13]]>
              </value>
            </param>
            <param index="2">
              <value>
                <![CDATA[bob.sagerar@outlook.com]]>
              </value>
            </param>
            <param index="3">
              <value>
                <![CDATA[Subupassword@123]]>
              </value>
            </param>
            <param index="4">
              <value>
                <![CDATA[Kumar Sanu]]>
              </value>
            </param>
          </params>
          <reporter-output>
          </reporter-output>
        </test-method> <!-- TestCaseEarnApp -->
      </class> <!-- HelloAppium.TestRunnerForEarnApp -->
    </test> <!-- Regression1 -->
  </suite> <!-- Suite1 -->
</testng-results>
