<?xml version="1.0" encoding="UTF-8"?>
<testng-results ignored="8" total="12" passed="4" failed="0" skipped="0">
  <reporter-output>
  </reporter-output>
  <suite started-at="2024-10-17T16:03:17 EDT" name="Suite1" finished-at="2024-10-17T17:23:39 EDT" duration-ms="4822671">
    <groups>
    </groups>
    <test started-at="2024-10-17T16:03:17 EDT" name="Regression1" finished-at="2024-10-17T17:23:39 EDT" duration-ms="4822671">
      <class name="HelloAppium.TestRunnerForEarnApp">
        <test-method signature="TestCaseEarnApp(java.lang.String,java.lang.String,java.lang.String,java.lang.String,java.lang.String)[pri:0, instance:HelloAppium.TestRunnerForEarnApp@7ec7ffd3]" started-at="2024-10-17T16:03:17 EDT" name="TestCaseEarnApp" data-provider="ObjectDataProvider" finished-at="2024-10-17T16:23:35 EDT" duration-ms="1218150" status="PASS">
          <params>
            <param index="0">
              <value>
                <![CDATA[99271FFAZ001SV]]>
              </value>
            </param>
            <param index="1">
              <value>
                <![CDATA[13]]>
              </value>
            </param>
            <param index="2">
              <value>
                <![CDATA[ravibhojpuria@outlook.com]]>
              </value>
            </param>
            <param index="3">
              <value>
                <![CDATA[raviking89]]>
              </value>
            </param>
            <param index="4">
              <value>
                <![CDATA[Kumar Sanu]]>
              </value>
            </param>
          </params>
          <reporter-output>
          </reporter-output>
        </test-method> <!-- TestCaseEarnApp -->
        <test-method signature="TestCaseEarnApp(java.lang.String,java.lang.String,java.lang.String,java.lang.String,java.lang.String)[pri:0, instance:HelloAppium.TestRunnerForEarnApp@7ec7ffd3]" started-at="2024-10-17T16:23:35 EDT" name="TestCaseEarnApp" data-provider="ObjectDataProvider" finished-at="2024-10-17T16:43:13 EDT" duration-ms="1177177" status="PASS">
          <params>
            <param index="0">
              <value>
                <![CDATA[99271FFAZ001SV]]>
              </value>
            </param>
            <param index="1">
              <value>
                <![CDATA[13]]>
              </value>
            </param>
            <param index="2">
              <value>
                <![CDATA[iamsrk01@outlook.com]]>
              </value>
            </param>
            <param index="3">
              <value>
                <![CDATA[Swar@tcs03]]>
              </value>
            </param>
            <param index="4">
              <value>
                <![CDATA[Kumar Sanu]]>
              </value>
            </param>
          </params>
          <reporter-output>
          </reporter-output>
        </test-method> <!-- TestCaseEarnApp -->
        <test-method signature="TestCaseEarnApp(java.lang.String,java.lang.String,java.lang.String,java.lang.String,java.lang.String)[pri:0, instance:HelloAppium.TestRunnerForEarnApp@7ec7ffd3]" started-at="2024-10-17T16:43:13 EDT" name="TestCaseEarnApp" data-provider="ObjectDataProvider" finished-at="2024-10-17T17:03:35 EDT" duration-ms="1222226" status="PASS">
          <params>
            <param index="0">
              <value>
                <![CDATA[99271FFAZ001SV]]>
              </value>
            </param>
            <param index="1">
              <value>
                <![CDATA[13]]>
              </value>
            </param>
            <param index="2">
              <value>
                <![CDATA[automationsavi@outlook.com]]>
              </value>
            </param>
            <param index="3">
              <value>
                <![CDATA[Swar@tcs03]]>
              </value>
            </param>
            <param index="4">
              <value>
                <![CDATA[Kumar Sanu]]>
              </value>
            </param>
          </params>
          <reporter-output>
          </reporter-output>
        </test-method> <!-- TestCaseEarnApp -->
        <test-method signature="TestCaseEarnApp(java.lang.String,java.lang.String,java.lang.String,java.lang.String,java.lang.String)[pri:0, instance:HelloAppium.TestRunnerForEarnApp@7ec7ffd3]" started-at="2024-10-17T17:03:35 EDT" name="TestCaseEarnApp" data-provider="ObjectDataProvider" finished-at="2024-10-17T17:23:39 EDT" duration-ms="1204495" status="PASS">
          <params>
            <param index="0">
              <value>
                <![CDATA[99271FFAZ001SV]]>
              </value>
            </param>
            <param index="1">
              <value>
                <![CDATA[13]]>
              </value>
            </param>
            <param index="2">
              <value>
                <![CDATA[sidhaalk@outlook.com]]>
              </value>
            </param>
            <param index="3">
              <value>
                <![CDATA[sidhaal@K10]]>
              </value>
            </param>
            <param index="4">
              <value>
                <![CDATA[Kumar Sanu]]>
              </value>
            </param>
          </params>
          <reporter-output>
          </reporter-output>
        </test-method> <!-- TestCaseEarnApp -->
      </class> <!-- HelloAppium.TestRunnerForEarnApp -->
    </test> <!-- Regression1 -->
  </suite> <!-- Suite1 -->
</testng-results>
